2023-05-22 10:48:34.140 [info] Extension host with pid 5622 started
2023-05-22 10:48:34.141 [info] Skipping acquiring lock for /home/cosmin_vasilache/.config/Code/User/workspaceStorage/7f4f9c1fe23743fdafff9b890a493821.
2023-05-22 10:48:34.702 [info] ExtensionService#_doActivateExtension vscode.emmet, startup: false, activationEvent: 'onLanguage'
2023-05-22 10:48:35.291 [info] ExtensionService#_doActivateExtension vscode.git-base, startup: true, activationEvent: '*', root cause: vscode.git
2023-05-22 10:48:36.066 [info] ExtensionService#_doActivateExtension vscode.git, startup: true, activationEvent: '*'
2023-05-22 10:48:36.183 [info] ExtensionService#_doActivateExtension vscode.github, startup: true, activationEvent: '*'
2023-05-22 10:48:36.393 [info] Eager extensions activated
2023-05-22 10:48:36.702 [info] ExtensionService#_doActivateExtension vscode.debug-auto-launch, startup: false, activationEvent: 'onStartupFinished'
2023-05-22 10:48:36.704 [info] ExtensionService#_doActivateExtension vscode.merge-conflict, startup: false, activationEvent: 'onStartupFinished'
2023-05-22 10:48:36.714 [info] ExtensionService#_doActivateExtension maziac.asm-code-lens, startup: false, activationEvent: 'onStartupFinished'
2023-05-22 10:48:36.759 [info] ExtensionService#_doActivateExtension ms-vscode-remote.remote-wsl, startup: false, activationEvent: 'onStartupFinished'
2023-05-22 10:48:38.200 [info] Extension host terminating: renderer closed the MessagePort
2023-05-22 10:48:38.205 [info] Extension host with pid 5622 exiting with code 0
2023-05-22 10:48:41.147 [info] Extension host with pid 5680 started
2023-05-22 10:48:41.147 [info] Skipping acquiring lock for /home/cosmin_vasilache/.config/Code/User/workspaceStorage/ceaaceee075ccdc17b9104c00beaf1fc.
2023-05-22 10:48:41.341 [info] ExtensionService#_doActivateExtension vscode.git-base, startup: true, activationEvent: '*', root cause: vscode.git
2023-05-22 10:48:41.400 [info] ExtensionService#_doActivateExtension vscode.git, startup: true, activationEvent: '*'
2023-05-22 10:48:41.483 [info] ExtensionService#_doActivateExtension vscode.github, startup: true, activationEvent: '*'
2023-05-22 10:48:41.554 [info] Eager extensions activated
2023-05-22 10:48:41.593 [info] ExtensionService#_doActivateExtension vscode.debug-auto-launch, startup: false, activationEvent: 'onStartupFinished'
2023-05-22 10:48:41.598 [info] ExtensionService#_doActivateExtension vscode.merge-conflict, startup: false, activationEvent: 'onStartupFinished'
2023-05-22 10:48:41.629 [info] ExtensionService#_doActivateExtension maziac.asm-code-lens, startup: false, activationEvent: 'onStartupFinished'
2023-05-22 10:48:41.668 [info] ExtensionService#_doActivateExtension ms-vscode-remote.remote-wsl, startup: false, activationEvent: 'onStartupFinished'
2023-05-22 10:48:41.962 [info] ExtensionService#_doActivateExtension vscode.github-authentication, startup: false, activationEvent: 'onAuthenticationRequest:github'
2023-05-22 10:48:42.261 [info] ExtensionService#_doActivateExtension vscode.microsoft-authentication, startup: false, activationEvent: 'onAuthenticationRequest:microsoft'
2023-05-22 10:48:49.227 [info] ExtensionService#_doActivateExtension vscode.emmet, startup: false, activationEvent: 'onLanguage'
2023-05-22 10:48:51.259 [info] ExtensionService#_doActivateExtension vscode.grunt, startup: false, activationEvent: 'onTaskType:grunt'
2023-05-22 10:48:51.270 [info] ExtensionService#_doActivateExtension vscode.gulp, startup: false, activationEvent: 'onTaskType:gulp'
2023-05-22 10:48:51.277 [info] ExtensionService#_doActivateExtension vscode.jake, startup: false, activationEvent: 'onTaskType:jake'
2023-05-22 10:48:51.283 [info] ExtensionService#_doActivateExtension vscode.npm, startup: false, activationEvent: 'onTaskType:npm'
2023-05-22 10:48:51.310 [info] ExtensionService#_doActivateExtension vscode.typescript-language-features, startup: false, activationEvent: 'onTaskType:typescript'
2023-05-22 11:33:26.334 [info] ExtensionService#_doActivateExtension ms-vscode.cpptools, startup: false, activationEvent: 'onLanguage:c'
