2023-05-22 10:48:39.080 [warning] No ptyHost heartbeat after 6 seconds
2023-05-22 11:33:07.916 [info] Getting Manifest... ms-vscode.cpptools-extension-pack
2023-05-22 11:33:08.165 [info] Installing extension: ms-vscode.cpptools-extension-pack
2023-05-22 11:33:10.475 [info] Getting Manifest... ms-vscode.cpptools
2023-05-22 11:33:10.516 [info] Getting Manifest... ms-vscode.cmake-tools
2023-05-22 11:33:10.735 [info] Getting Manifest... twxs.cmake
2023-05-22 11:33:10.763 [info] Getting Manifest... ms-vscode.cpptools-themes
2023-05-22 11:33:11.068 [info] Installing extension: ms-vscode.cpptools ms-vscode.cpptools-extension-pack
2023-05-22 11:33:11.069 [info] Installing extension: ms-vscode.cmake-tools ms-vscode.cpptools-extension-pack
2023-05-22 11:33:11.069 [info] Installing extension: twxs.cmake ms-vscode.cpptools-extension-pack
2023-05-22 11:33:11.069 [info] Installing extension: ms-vscode.cpptools-themes ms-vscode.cpptools-extension-pack
2023-05-22 11:33:16.394 [info] Extension signature is verified: ms-vscode.cmake-tools
2023-05-22 11:33:16.747 [info] Extension signature is verified: twxs.cmake
2023-05-22 11:33:16.748 [info] Extension signature is verified: ms-vscode.cpptools-themes
2023-05-22 11:33:16.852 [info] Extracted extension to /home/cosmin_vasilache/.vscode/extensions/.02aaaef8-7b89-42e7-90a0-a5bbf81cab25: ms-vscode.cpptools-themes
2023-05-22 11:33:16.886 [info] Renamed to /home/cosmin_vasilache/.vscode/extensions/ms-vscode.cpptools-themes-2.0.0
2023-05-22 11:33:16.896 [info] Extracting extension completed. ms-vscode.cpptools-themes
2023-05-22 11:33:17.457 [info] Extracted extension to /home/cosmin_vasilache/.vscode/extensions/.70d9721f-5c46-4af4-a811-1c5486641181: ms-vscode.cmake-tools
2023-05-22 11:33:17.471 [info] Extracted extension to /home/cosmin_vasilache/.vscode/extensions/.8c2bd39c-8d74-412c-be49-935fa895738d: twxs.cmake
2023-05-22 11:33:17.489 [info] Renamed to /home/cosmin_vasilache/.vscode/extensions/ms-vscode.cmake-tools-1.14.31
2023-05-22 11:33:17.493 [info] Renamed to /home/cosmin_vasilache/.vscode/extensions/twxs.cmake-0.0.17
2023-05-22 11:33:17.502 [info] Extracting extension completed. ms-vscode.cmake-tools
2023-05-22 11:33:17.503 [info] Extracting extension completed. twxs.cmake
2023-05-22 11:33:18.498 [info] Extension signature is verified: ms-vscode.cpptools
2023-05-22 11:33:24.182 [info] Extracted extension to /home/cosmin_vasilache/.vscode/extensions/.e139694f-b329-4c5c-a8b3-185ec4446097: ms-vscode.cpptools
2023-05-22 11:33:24.201 [info] Renamed to /home/cosmin_vasilache/.vscode/extensions/ms-vscode.cpptools-1.15.4-linux-x64
2023-05-22 11:33:24.230 [info] Extracting extension completed. ms-vscode.cpptools
2023-05-22 11:33:25.690 [info] Extension signature is verified: ms-vscode.cpptools-extension-pack
2023-05-22 11:33:25.711 [info] Extracted extension to /home/cosmin_vasilache/.vscode/extensions/.7a883f37-4b33-4f33-84dd-7fde9ff98819: ms-vscode.cpptools-extension-pack
2023-05-22 11:33:25.734 [info] Renamed to /home/cosmin_vasilache/.vscode/extensions/ms-vscode.cpptools-extension-pack-1.3.0
2023-05-22 11:33:25.737 [info] Extracting extension completed. ms-vscode.cpptools-extension-pack
2023-05-22 11:33:25.754 [info] Extension installed successfully: ms-vscode.cpptools-themes
2023-05-22 11:33:25.755 [info] Extension installed successfully: ms-vscode.cmake-tools
2023-05-22 11:33:25.755 [info] Extension installed successfully: twxs.cmake
2023-05-22 11:33:25.755 [info] Extension installed successfully: ms-vscode.cpptools
2023-05-22 11:33:25.755 [info] Extension installed successfully: ms-vscode.cpptools-extension-pack
