2023-05-22 10:48:31.601 [info] Added views:workbench.panel.markers.view in workbench.panel.markers
2023-05-22 10:48:31.601 [info] Added views:workbench.panel.output in workbench.panel.output
2023-05-22 10:48:31.601 [info] Added views:terminal in terminal
2023-05-22 10:48:31.601 [info] Added views:outline in workbench.view.explorer
2023-05-22 10:48:31.601 [info] Added views:workbench.scm in workbench.view.scm
2023-05-22 10:48:31.601 [info] Added views:workbench.view.search in workbench.view.search
2023-05-22 10:48:31.601 [info] Added views:timeline in workbench.view.explorer
2023-05-22 10:48:31.601 [info] Added views:workbench.explorer.fileView in workbench.view.explorer
2023-05-22 10:48:32.669 [info] Added views:workbench.debug.welcome in workbench.view.debug
2023-05-22 10:48:33.413 [info] Added views:asm-code-lens.calcview-explorer in workbench.view.explorer
2023-05-22 10:48:33.415 [info] Added views:asm-code-lens.calcview-debug in workbench.view.debug
2023-05-22 10:48:35.120 [info] Added views:workbench.panel.repl.view in workbench.panel.repl
2023-05-22 10:48:39.615 [info] Added views:workbench.panel.markers.view in workbench.panel.markers
2023-05-22 10:48:39.615 [info] Added views:workbench.panel.output in workbench.panel.output
2023-05-22 10:48:39.615 [info] Added views:terminal in terminal
2023-05-22 10:48:39.615 [info] Added views:workbench.scm in workbench.view.scm
2023-05-22 10:48:39.615 [info] Added views:workbench.view.search in workbench.view.search
2023-05-22 10:48:39.615 [info] Added views:outline in workbench.view.explorer
2023-05-22 10:48:39.615 [info] Added views:timeline in workbench.view.explorer
2023-05-22 10:48:39.615 [info] Added views:workbench.explorer.fileView in workbench.view.explorer
2023-05-22 10:48:40.045 [info] Added views:asm-code-lens.calcview-explorer in workbench.view.explorer
2023-05-22 10:48:40.055 [info] Added views:asm-code-lens.calcview-debug in workbench.view.debug
2023-05-22 10:48:40.637 [info] Added views:workbench.debug.variablesView,workbench.debug.watchExpressionsView,workbench.debug.callStackView,workbench.debug.breakPointsView in workbench.view.debug
2023-05-22 10:48:41.322 [info] Added views:workbench.panel.repl.view in workbench.panel.repl
2023-05-22 10:48:41.323 [info] Removed views:workbench.debug.breakPointsView,workbench.debug.callStackView,workbench.debug.watchExpressionsView,workbench.debug.variablesView from workbench.view.debug
2023-05-22 10:48:41.335 [info] Added views:workbench.debug.welcome in workbench.view.debug
2023-05-22 11:33:06.950 [info] Added views:workbench.views.extensions.installed,workbench.views.extensions.popular,extensions.recommendedList in workbench.view.extensions
2023-05-22 11:33:06.964 [info] Removed views:workbench.views.extensions.popular from workbench.view.extensions
2023-05-22 11:33:07.644 [info] Removed views:extensions.recommendedList,workbench.views.extensions.installed from workbench.view.extensions
2023-05-22 11:33:07.733 [info] Added views:workbench.views.extensions.marketplace in workbench.view.extensions
