2023-05-12 12:53:13.017 [info] Extension host with pid 10507 started
2023-05-12 12:53:13.444 [info] ExtensionService#_doActivateExtension vscode.git-base, startup: true, activationEvent: '*', root cause: vscode.git
2023-05-12 12:53:13.494 [info] ExtensionService#_doActivateExtension vscode.git, startup: true, activationEvent: '*'
2023-05-12 12:53:13.539 [info] ExtensionService#_doActivateExtension vscode.github, startup: true, activationEvent: '*'
2023-05-12 12:53:13.622 [info] Eager extensions activated
2023-05-12 12:53:13.634 [info] ExtensionService#_doActivateExtension vscode.debug-auto-launch, startup: false, activationEvent: 'onStartupFinished'
2023-05-12 12:53:13.637 [info] ExtensionService#_doActivateExtension vscode.merge-conflict, startup: false, activationEvent: 'onStartupFinished'
2023-05-12 12:53:13.647 [info] ExtensionService#_doActivateExtension maziac.asm-code-lens, startup: false, activationEvent: 'onStartupFinished'
2023-05-12 12:53:14.058 [info] ExtensionService#_doActivateExtension vscode.github-authentication, startup: false, activationEvent: 'onAuthenticationRequest:github'
2023-05-12 12:53:14.594 [info] ExtensionService#_doActivateExtension vscode.microsoft-authentication, startup: false, activationEvent: 'onAuthenticationRequest:microsoft'
2023-05-12 12:53:17.228 [info] ExtensionService#_doActivateExtension vscode.emmet, startup: false, activationEvent: 'onLanguage'
2023-05-12 12:56:37.904 [info] ExtensionService#_doActivateExtension vscode.npm, startup: false, activationEvent: 'onTerminalQuickFixRequest:ms-vscode.npm-command'
2023-05-12 13:07:32.943 [info] ExtensionService#_doActivateExtension ms-vscode-remote.remote-wsl, startup: false, activationEvent: 'onStartupFinished'
2023-05-12 13:11:55.025 [info] Extension host terminating: renderer closed the MessagePort
2023-05-12 13:11:55.031 [info] Extension host with pid 10507 exiting with code 0
2023-05-12 13:11:57.641 [info] Extension host with pid 11736 started
2023-05-12 13:11:57.641 [info] Skipping acquiring lock for /home/cosmin_vasilache/.config/Code/User/workspaceStorage/55f6b49bcc8ab2238ce4dea9fa5e8e53.
2023-05-12 13:11:57.863 [info] ExtensionService#_doActivateExtension vscode.git-base, startup: true, activationEvent: '*'
2023-05-12 13:11:57.934 [info] ExtensionService#_doActivateExtension vscode.github, startup: true, activationEvent: '*'
2023-05-12 13:11:57.945 [info] Eager extensions activated
2023-05-12 13:11:57.950 [info] ExtensionService#_doActivateExtension vscode.debug-auto-launch, startup: false, activationEvent: 'onStartupFinished'
2023-05-12 13:11:57.953 [info] ExtensionService#_doActivateExtension vscode.merge-conflict, startup: false, activationEvent: 'onStartupFinished'
2023-05-12 13:11:57.970 [info] ExtensionService#_doActivateExtension ms-vscode-remote.remote-wsl, startup: false, activationEvent: 'onStartupFinished'
2023-05-12 13:11:58.250 [info] ExtensionService#_doActivateExtension vscode.github-authentication, startup: false, activationEvent: 'onAuthenticationRequest:github'
2023-05-12 13:11:58.593 [info] ExtensionService#_doActivateExtension vscode.microsoft-authentication, startup: false, activationEvent: 'onAuthenticationRequest:microsoft'
2023-05-12 13:12:01.960 [info] ExtensionService#_doActivateExtension vscode.git, startup: false, activationEvent: 'api', root cause: vscode.github
2023-05-12 13:12:02.028 [info] ExtensionService#_doActivateExtension maziac.asm-code-lens, startup: false, activationEvent: 'onStartupFinished'
2023-05-12 13:12:04.759 [info] ExtensionService#_doActivateExtension vscode.emmet, startup: false, activationEvent: 'onLanguage'
2023-05-12 13:12:43.880 [info] ExtensionService#_doActivateExtension vscode.npm, startup: false, activationEvent: 'onTerminalQuickFixRequest:ms-vscode.npm-command'
2023-05-12 13:18:28.085 [info] Extension host terminating: renderer closed the MessagePort
2023-05-12 13:18:28.092 [info] Extension host with pid 11736 exiting with code 0
