2023-05-22 10:30:24.415 [info] Added views:workbench.panel.markers.view in workbench.panel.markers
2023-05-22 10:30:24.415 [info] Added views:workbench.panel.output in workbench.panel.output
2023-05-22 10:30:24.415 [info] Added views:terminal in terminal
2023-05-22 10:30:24.415 [info] Added views:outline in workbench.view.explorer
2023-05-22 10:30:24.415 [info] Added views:workbench.scm in workbench.view.scm
2023-05-22 10:30:24.415 [info] Added views:workbench.view.search in workbench.view.search
2023-05-22 10:30:24.415 [info] Added views:timeline in workbench.view.explorer
2023-05-22 10:30:24.415 [info] Added views:workbench.explorer.emptyView in workbench.view.explorer
2023-05-22 10:30:25.426 [info] Added views:asm-code-lens.calcview-explorer in workbench.view.explorer
2023-05-22 10:30:25.427 [info] Added views:asm-code-lens.calcview-debug in workbench.view.debug
2023-05-22 10:30:26.031 [info] Added views:workbench.debug.welcome in workbench.view.debug
2023-05-22 10:30:26.472 [info] Added views:workbench.panel.repl.view in workbench.panel.repl
2023-05-22 10:30:32.524 [info] Added views:workbench.panel.markers.view in workbench.panel.markers
2023-05-22 10:30:32.524 [info] Added views:workbench.panel.output in workbench.panel.output
2023-05-22 10:30:32.524 [info] Added views:terminal in terminal
2023-05-22 10:30:32.524 [info] Added views:outline in workbench.view.explorer
2023-05-22 10:30:32.524 [info] Added views:workbench.scm in workbench.view.scm
2023-05-22 10:30:32.524 [info] Added views:workbench.view.search in workbench.view.search
2023-05-22 10:30:32.524 [info] Added views:timeline in workbench.view.explorer
2023-05-22 10:30:32.524 [info] Added views:workbench.explorer.fileView in workbench.view.explorer
2023-05-22 10:30:33.233 [info] Added views:asm-code-lens.calcview-explorer in workbench.view.explorer
2023-05-22 10:30:33.241 [info] Added views:asm-code-lens.calcview-debug in workbench.view.debug
2023-05-22 10:30:33.551 [info] Added views:workbench.debug.variablesView,workbench.debug.watchExpressionsView,workbench.debug.callStackView,workbench.debug.breakPointsView in workbench.view.debug
2023-05-22 10:30:34.468 [info] Added views:workbench.panel.repl.view in workbench.panel.repl
2023-05-22 10:30:34.471 [info] Removed views:workbench.debug.breakPointsView,workbench.debug.callStackView,workbench.debug.watchExpressionsView,workbench.debug.variablesView from workbench.view.debug
2023-05-22 10:30:34.472 [info] Added views:workbench.debug.welcome in workbench.view.debug
